<?xml version="1.0" encoding="UTF-8"?>
<!-- Generated by org.testng.reporters.JUnitReportReporter -->
<testsuite skipped="0" hostname="LAPTOP-PHI8TPH9" name="com.framework.TestCases.LoginTest" tests="1" failures="0" timestamp="08 Jun 2019 17:41:45 GMT" time="10.004" errors="0">
  <testcase name="loginTest" time="10.004" classname="com.framework.TestCases.LoginTest"/>
</testsuite> <!-- com.framework.TestCases.LoginTest -->
