<?xml version="1.0" encoding="UTF-8"?>
<!-- Generated by org.testng.reporters.JUnitReportReporter -->
<testsuite skipped="0" hostname="LAPTOP-PHI8TPH9" name="com.fraemwork.TestCases.LoginTest" tests="1" failures="0" timestamp="08 Jun 2019 16:29:48 GMT" time="37.396" errors="0">
  <testcase name="loginTest" time="37.396" classname="com.fraemwork.TestCases.LoginTest"/>
</testsuite> <!-- com.fraemwork.TestCases.LoginTest -->
